2023-07-04 10:33:09,004 - INFO - Galaxy, Ligando
2023-07-04 10:33:09,004 - INFO - Galaxy, Desligando
2023-07-04 10:33:09,005 - INFO - Exibindo especificações : Galaxy , 1000 , 16 , 123
2023-07-04 10:33:09,006 - INFO - 8 plus, Ligando
2023-07-04 10:33:09,006 - INFO - 8 plus, Desligando
2023-07-04 10:33:09,008 - INFO - Exibindo especificações : 8 plus , 3000 , 12 , 108
2023-07-04 10:33:51,238 - INFO - Galaxy, Ligando
2023-07-04 10:33:51,238 - INFO - Galaxy, Desligando
2023-07-04 10:33:51,239 - INFO - Exibindo especificações : Galaxy , 1000 , 16 , 123
2023-07-04 10:33:51,239 - INFO - 8 plus, Ligando
2023-07-04 10:33:51,240 - INFO - 8 plus, Desligando
2023-07-04 10:33:51,240 - INFO - Exibindo especificações : 8 plus , 3000 , 12 , 108
2023-07-04 10:33:57,164 - INFO - Galaxy, Ligando
2023-07-04 10:33:57,164 - INFO - Galaxy, Desligando
2023-07-04 10:33:57,165 - INFO - Exibindo especificações : Galaxy , 1000 , 16 , 123
2023-07-04 10:33:57,165 - INFO - 8 plus, Ligando
2023-07-04 10:33:57,166 - INFO - 8 plus, Desligando
2023-07-04 10:33:57,167 - INFO - Exibindo especificações : 8 plus , 3000 , 12 , 108
2023-07-04 10:35:17,964 - INFO - Galaxy, Ligando
2023-07-04 10:35:17,965 - INFO - Galaxy, Desligando
2023-07-04 10:35:17,966 - INFO - Exibindo especificações : Galaxy , $1000 REAIS , 16 GB, 123 MEGA PIXELS
2023-07-04 10:35:17,966 - INFO - 8 plus, Ligando
2023-07-04 10:35:17,966 - INFO - 8 plus, Desligando
2023-07-04 10:35:17,967 - INFO - Exibindo especificações : 8 plus , $3000 REAIS , 12 GB, 108 MEGA PIXELS
2023-07-04 10:36:15,925 - INFO - Galaxy, Ligando
2023-07-04 10:36:15,926 - INFO - Galaxy, Desligando
2023-07-04 10:36:15,927 - INFO - Exibindo especificações : Galaxy , $ 1000 REAIS , 16 GB, 123 MEGA PIXELS
2023-07-04 10:36:15,927 - INFO - 8 plus, Ligando
2023-07-04 10:36:15,928 - INFO - 8 plus, Desligando
2023-07-04 10:36:15,928 - INFO - Exibindo especificações : 8 plus , $ 3000 REAIS , 12 GB, 108 MEGA PIXELS
2023-07-04 10:44:29,624 - INFO - 8 plus, Ligando
2023-07-04 10:44:29,625 - INFO - 8 plus, Desligando
2023-07-04 10:44:29,625 - INFO - Exibindo especificações : 8 plus , $ 3000 REAIS , 12 GB, 108 MEGA PIXELS
2023-07-04 10:53:14,075 - INFO - Galaxy, Ligando
2023-07-04 10:53:14,075 - INFO - Galaxy, Desligando
2023-07-04 10:53:14,076 - INFO - Exibindo especificações : Galaxy , $ 1000 REAIS , 16 GB, 123 MEGA PIXELS
2023-07-04 10:55:09,767 - INFO - Galaxy, Ligando
2023-07-04 10:55:09,767 - INFO - Galaxy, Desligando
2023-07-04 10:55:09,768 - INFO - Exibindo especificações : Galaxy , $ 1000 REAIS , 16 GB, 123 MEGA PIXELS
2023-07-04 11:04:53,191 - INFO - Galaxy, Ligando
2023-07-04 11:04:53,192 - INFO - Galaxy, Desligando
2023-07-04 11:04:53,193 - INFO - Exibindo especificações : Galaxy , $ 1000 REAIS , 16 GB, 123 MEGA PIXELS
2023-07-04 11:08:07,295 - INFO - 8 plus, Ligando
2023-07-04 11:08:07,296 - INFO - 8 plus, Desligando
2023-07-04 11:08:07,297 - INFO - Exibindo especificações : 8 plus , $ 4000.0 REAIS , 12.0 GB, 120.0 MEGA PIXELS
2023-07-04 11:09:30,640 - INFO - Galaxy, Ligando
2023-07-04 11:09:30,641 - INFO - Galaxy, Desligando
2023-07-04 11:09:30,642 - INFO - Exibindo especificações : Galaxy , $ 1000 REAIS , 16 GB, 123 MEGA PIXELS
2023-07-04 11:13:11,542 - INFO - 12 pro MAX, Ligando
2023-07-04 11:13:11,544 - INFO - 12 pro MAX, Desligando
2023-07-04 11:13:11,546 - INFO - Exibindo especificações : 12 pro MAX , $ 12000.0 REAIS , 16.0 GB, 130.0 MEGA PIXELS
2023-07-04 11:14:43,921 - INFO - 8 lus, Ligando
2023-07-04 11:14:43,921 - INFO - 8 lus, Desligando
2023-07-04 11:14:43,922 - INFO - Exibindo especificações : 8 lus , $ 1200.0 REAIS , 12.0 GB, 12.0 MEGA PIXELS
2023-07-04 11:15:22,992 - INFO - c, Ligando
2023-07-04 11:15:22,992 - INFO - c, Desligando
2023-07-04 11:15:22,993 - INFO - Exibindo especificações : c , $ 1.0 REAIS , 1.0 GB, 1.0 MEGA PIXELS
2023-07-04 11:22:27,888 - INFO - 8 Plus, Ligando
2023-07-04 11:22:27,889 - INFO - 8 Plus, Desligando
2023-07-04 11:22:27,889 - INFO - Exibindo especificações : 8 Plus , $ 3600.0 REAIS , 12.0 GB, 120.0 MEGA PIXELS
2023-07-04 11:24:36,807 - INFO - Galaxy S2, Ligando
2023-07-04 11:24:36,808 - INFO - Galaxy S2, Desligando
2023-07-04 11:24:36,809 - INFO - Exibindo especificações : Galaxy S2 , $ 4000.0 REAIS , 12.0 GB, 124.0 MEGA PIXELS
