2023-07-02 19:46:43,944 - INFO - Iniciando com Vinicios e 1200.0
2023-07-02 19:46:43,944 - INFO - Iniciando com Vinicios e 1200.0
2023-07-02 19:46:47,936 - INFO - Saldo sacado 1.0
2023-07-02 19:46:50,369 - INFO - Saldo depositado 2.0
2023-07-02 19:46:51,816 - INFO - Saldo depositado 1200.0
2023-07-02 19:49:05,224 - INFO - Iniciando com vinicios e 1200.0
2023-07-02 19:49:05,224 - INFO - Iniciando com vinicios e 1200.0
2023-07-02 19:49:07,873 - INFO - Saldo sacado 1.0
2023-07-02 19:49:09,865 - INFO - Saldo depositado 1201.0
2023-07-02 19:49:16,064 - INFO - Saldo depositado 2300.0
2023-07-02 19:49:27,321 - INFO - Iniciando com vini e 1200.0
2023-07-02 19:49:27,321 - INFO - Iniciando com vini e 1200.0
2023-07-02 19:49:28,361 - INFO - Saldo sacado 1200.0
2023-07-02 19:49:30,959 - INFO - Saldo depositado 1200.0
2023-07-02 19:49:33,504 - INFO - Saldo depositado 2400.0
2023-07-02 19:49:42,817 - INFO - Iniciando com vini e 1200.0
2023-07-02 19:49:42,817 - INFO - Iniciando com vini e 1200.0
2023-07-02 19:49:43,592 - INFO - Saldo sacado 1199.0
2023-07-02 19:49:44,352 - INFO - Saldo depositado 1200.0
2023-07-02 19:49:45,536 - INFO - Saldo depositado 1200.0
2023-07-02 19:50:05,928 - INFO - Iniciando com vini e 1200.0
2023-07-02 19:50:05,928 - INFO - Iniciando com vini e 1200.0
2023-07-02 19:50:07,377 - INFO - Saldo sacado 1200.0
2023-07-02 19:50:12,608 - INFO - Saldo depositado 1200.0
2023-07-02 19:50:13,761 - INFO - Saldo depositado 1200.0
2023-07-02 19:53:24,937 - INFO - Iniciando com v e 1200.0
2023-07-02 19:53:24,937 - INFO - Iniciando com v e 1200.0
2023-07-02 19:53:26,728 - INFO - Saldo sacado 1200.0
2023-07-02 19:53:28,304 - INFO - Saldo depositado 1200.0
2023-07-02 19:53:54,968 - INFO - Iniciando com vv e 1200.0
2023-07-02 19:53:54,968 - INFO - Iniciando com vv e 1200.0
2023-07-02 19:53:57,040 - INFO - Saldo sacado 1200.0
2023-07-02 19:53:58,968 - INFO - Saldo depositado 1200.0
2023-07-02 19:55:43,456 - INFO - Iniciando com vini e 0.0
2023-07-02 19:55:43,458 - INFO - Iniciando com vini e 0.0
2023-07-02 19:55:43,817 - INFO - Saldo sacado 0.0
2023-07-02 19:55:44,799 - INFO - Saldo depositado 0.0
2023-07-02 19:55:44,800 - INFO - Deposito não efetuado :  0.0
2023-07-02 19:55:46,920 - INFO - Saldo depositado 0.0
2023-07-02 19:55:46,921 - INFO - Deposito não efetuado :  0.0
2023-07-02 19:56:06,776 - INFO - Iniciando com vini e 0.0
2023-07-02 19:56:06,776 - INFO - Iniciando com vini e 0.0
2023-07-02 19:56:07,088 - INFO - Saldo sacado 0.0
2023-07-02 19:56:07,384 - INFO - Saldo depositado 0.0
2023-07-02 19:56:07,384 - INFO - Deposito não efetuado :  0.0
2023-07-02 19:57:42,136 - INFO - Iniciando com vini e 0.0
2023-07-02 19:57:42,136 - INFO - Iniciando com vini e 0.0
2023-07-02 19:57:42,496 - INFO - Saldo sacado 0.0
2023-07-02 19:57:43,017 - INFO - Saldo depositado 0.0
2023-07-02 19:57:43,018 - INFO - Deposito não efetuado :  0.0
2023-07-02 19:57:44,096 - INFO -  Tranferência não realizada . R$ 0.0
2023-07-02 19:59:25,599 - INFO - Iniciando com vini e 1200.0
2023-07-02 19:59:25,600 - INFO - Iniciando com vini e 1200.0
2023-07-02 19:59:27,232 - INFO - Saldo sacado 1200.0
2023-07-02 19:59:29,039 - INFO - Saldo depositado 2400.0
2023-07-02 19:59:31,904 - INFO - Saldo depositado 2700.0
2023-07-02 19:59:31,904 - INFO -  Transferência realizada com sucesso .  R$ 900.0 para <__main__.ContaBancaria object at 0x00000207F1CD2490>
2023-07-02 20:00:26,815 - INFO - Iniciando com vv e 1200.0
2023-07-02 20:00:26,816 - INFO - Iniciando com vv e 1200.0
2023-07-02 20:00:28,432 - INFO - Saldo sacado 1188.0
2023-07-02 20:00:30,079 - INFO - Saldo depositado 2088.0
2023-07-02 20:00:31,696 - INFO - Saldo depositado 2200.0
2023-07-02 20:00:31,696 - INFO -  Transferência realizada com sucesso .  R$ 1000.0 para <__main__.ContaBancaria object at 0x0000020F04A66490>
2023-07-02 20:04:03,128 - INFO - Iniciando com vini e 1200.0
2023-07-02 20:04:03,128 - INFO - Iniciando com vini e 1200.0
2023-07-02 20:04:04,368 - INFO - Deposito não efetuado :  1200.0
2023-07-02 20:04:09,736 - INFO - Saldo depositado 2400.0
2023-07-02 20:04:11,511 - INFO - Saldo depositado 1212.0
2023-07-02 20:04:11,512 - INFO -  Transferência realizada com sucesso .  R$ 12.0 para <__main__.ContaBancaria object at 0x000001AF5FD364D0>
2023-07-02 20:05:02,623 - INFO - Iniciando com vini e 12.0
2023-07-02 20:05:02,624 - INFO - Iniciando com vini e 12.0
2023-07-02 20:05:03,200 - INFO - Saldo sacado 0.0
2023-07-02 20:05:03,775 - INFO - Saldo depositado 12.0
2023-07-02 20:06:35,344 - INFO - Iniciando com vini e 12.0
2023-07-02 20:06:35,344 - INFO - Iniciando com vini e 12.0
2023-07-02 20:06:49,424 - INFO - Iniciando com vini e 12.0
2023-07-02 20:06:49,425 - INFO - Iniciando com vini e 12.0
2023-07-02 20:07:09,199 - INFO - Iniciando com vini e 12.0
2023-07-02 20:07:09,199 - INFO - Iniciando com vini e 12.0
2023-07-02 20:07:09,624 - INFO - Saldo sacado 0.0
2023-07-02 20:07:10,135 - INFO - Saldo depositado 12.0
2023-07-02 20:07:10,527 - INFO - Saldo depositado 24.0
2023-07-02 20:07:10,528 - INFO -  Transferência realizada com sucesso .  R$ 12.0 para <__main__.ContaBancaria object at 0x00000266FEC864D0>
2023-07-02 20:08:00,704 - INFO - Iniciando com vini e 12.0
2023-07-02 20:08:00,704 - INFO - Iniciando com vini e 12.0
2023-07-02 20:08:02,232 - INFO - Saldo sacado 0.0
2023-07-02 20:08:02,640 - INFO - Saldo depositado 12.0
2023-07-02 20:08:03,048 - INFO - Saldo depositado 24.0
2023-07-02 20:08:03,049 - INFO -  Transferência realizada com sucesso .  R$ 12.0 para <__main__.ContaBancaria object at 0x0000023D970664D0>
2023-07-02 20:08:26,854 - INFO - Iniciando com vini e 12.0
2023-07-02 20:08:26,855 - INFO - Iniciando com vini e 12.0
2023-07-02 20:08:27,231 - INFO - Saldo sacado 0.0
2023-07-02 20:08:27,623 - INFO - Saldo depositado 12.0
2023-07-02 20:08:29,566 - INFO - Saldo depositado 2.0
2023-07-02 20:08:29,568 - INFO -  Transferência realizada com sucesso .  R$ 2.0 para <__main__.ContaBancaria object at 0x000001C416B1E210>
2023-07-03 09:32:51,977 - INFO - Iniciando com vini e 23.0
2023-07-03 09:32:52,038 - INFO - Iniciando com vini e 23.0
2023-07-03 09:32:53,017 - INFO - Saldo insuficiente: 23.0
2023-07-03 09:32:54,625 - INFO - Saldo depositado 23.0
2023-07-03 09:32:56,313 - INFO - Saldo depositado 1.0
2023-07-03 09:32:56,313 - INFO -  Transferência realizada com sucesso .  R$ 1.0 para <__main__.ContaBancaria object at 0x000001DD710A4D90>
2023-07-03 09:33:26,834 - INFO - Iniciando com vini e 1200.0
2023-07-03 09:33:26,834 - INFO - Iniciando com vini e 1200.0
2023-07-03 09:33:28,225 - INFO - Saldo sacado 1188.0
2023-07-03 09:33:30,777 - INFO - Saldo depositado 1200.0
2023-07-03 09:33:32,128 - INFO - Saldo depositado 1.0
2023-07-03 09:33:32,129 - INFO -  Transferência realizada com sucesso .  R$ 1.0 para <__main__.ContaBancaria object at 0x000001B1A6C24D90>
